============================= test session starts =============================
platform win32 -- Python 3.13.3, pytest-8.4.1, pluggy-1.6.0 -- C:\Users\steve\AppData\Local\Programs\Python\Python313\python.exe
cachedir: .pytest_cache
rootdir: C:\development\pitbula\specweaver
configfile: pyproject.toml
plugins: anyio-4.8.0, asyncio-1.3.0, cov-7.0.0
asyncio: mode=Mode.AUTO, debug=False, asyncio_default_fixture_loop_scope=None, asyncio_default_test_loop_scope=function
collecting ... collected 4 items

tests/integration/cli/test_cli_implement.py::TestImplementFlow::test_implement_generates_files 
------------------------------- live log setup --------------------------------
INFO     specweaver.config.database:database.py:171 Database schema migrated to v2 (context_limit)
INFO     specweaver.config.database:database.py:171 Database schema migrated to v3 (log_level)
INFO     specweaver.config.database:database.py:171 Database schema migrated to v4 (constitution_max_size)
INFO     specweaver.config.database:database.py:171 Database schema migrated to v5 (domain_profile)
INFO     specweaver.config.database:database.py:171 Database schema migrated to v6 (project_standards)
INFO     specweaver.config.database:database.py:171 Database schema migrated to v7 (auto_bootstrap_constitution)
INFO     specweaver.config.database:database.py:171 Database schema migrated to v8 (stitch_mode)
INFO     specweaver.config.database:database.py:171 Database schema migrated to v9 (llm_usage_log, llm_cost_overrides)
INFO     specweaver.config.database:database.py:171 Database schema migrated to v10 (llm_profiles.provider)
-------------------------------- live log call --------------------------------
DEBUG    specweaver:logging.py:168 Logging initialised for project 'testproj' at level DEBUG \u2192 C:\\Users\\steve\\.specweaver\\logs\\testproj\\specweaver.log\nDEBUG    specweaver.cli._core:__init__.py:54 CLI invoked — active project: testproj
DEBUG    specweaver.graph.topology:topology.py:156 TopologyGraph.from_project: scanning 'C:\Users\steve\AppData\Local\Temp\pytest-of-steve\pytest-1556\test_implement_generates_files0' (auto_infer=False)
INFO     specweaver.graph.topology:topology.py:210 TopologyGraph: built graph with 0 nodes, 0 warnings
DEBUG    specweaver.project.constitution:constitution.py:96 find_constitution: searching 2 directories from C:\Users\steve\AppData\Local\Temp\pytest-of-steve\pytest-1556\test_implement_generates_files0\specs\greeter_spec.md
DEBUG    specweaver.project.constitution:constitution.py:115 No constitution found in C:\Users\steve\AppData\Local\Temp\pytest-of-steve\pytest-1556\test_implement_generates_files0
DEBUG    asyncio:proactor_events.py:631 Using proactor: IocpProactor
INFO     specweaver.flow.runner:runner.py:130 Starting pipeline 'implement_spec' run_id=4c869178-3dff-4a93-911b-c0a2f560a427 (2 steps, project=test_implement_generates_files0, spec=greeter_spec.md)
INFO     specweaver.flow.runner:runner.py:254 [run_id=4c869178-3dff-4a93-911b-c0a2f560a427] Step 1/2 'generate_code' (generate+code) — executing via GenerateCodeHandler
DEBUG    specweaver.flow._generation:_generation.py:83 GenerateCodeHandler: generating code to 'C:\Users\steve\AppData\Local\Temp\pytest-of-steve\pytest-1556\test_implement_generates_files0\src\greeter.py' from spec 'greeter_spec.md'
INFO     specweaver.implementation.generator:generator.py:126 generate_code: generating from C:\Users\steve\AppData\Local\Temp\pytest-of-steve\pytest-1556\test_implement_generates_files0\specs\greeter_spec.md
INFO     specweaver.implementation.generator:generator.py:132 generate_code: wrote 57 bytes to C:\Users\steve\AppData\Local\Temp\pytest-of-steve\pytest-1556\test_implement_generates_files0\src\greeter.py
INFO     specweaver.flow._generation:_generation.py:97 GenerateCodeHandler: code generated at 'C:\Users\steve\AppData\Local\Temp\pytest-of-steve\pytest-1556\test_implement_generates_files0\src\greeter.py'
DEBUG    specweaver.flow.runner:runner.py:424 [run_id=4c869178-3dff-4a93-911b-c0a2f560a427] Step 'generate_code' completed with status=passed
INFO     specweaver.flow.runner:runner.py:254 [run_id=4c869178-3dff-4a93-911b-c0a2f560a427] Step 2/2 'generate_tests' (generate+tests) — executing via GenerateTestsHandler
DEBUG    specweaver.flow._generation:_generation.py:125 GenerateTestsHandler: generating tests to 'C:\Users\steve\AppData\Local\Temp\pytest-of-steve\pytest-1556\test_implement_generates_files0\tests\test_greeter.py' from spec 'greeter_spec.md'
INFO     specweaver.implementation.generator:generator.py:190 generate_tests: generating from C:\Users\steve\AppData\Local\Temp\pytest-of-steve\pytest-1556\test_implement_generates_files0\specs\greeter_spec.md
INFO     specweaver.implementation.generator:generator.py:196 generate_tests: wrote 57 bytes to C:\Users\steve\AppData\Local\Temp\pytest-of-steve\pytest-1556\test_implement_generates_files0\tests\test_greeter.py
INFO     specweaver.flow._generation:_generation.py:139 GenerateTestsHandler: tests generated at 'C:\Users\steve\AppData\Local\Temp\pytest-of-steve\pytest-1556\test_implement_generates_files0\tests\test_greeter.py'
DEBUG    specweaver.flow.runner:runner.py:424 [run_id=4c869178-3dff-4a93-911b-c0a2f560a427] Step 'generate_tests' completed with status=passed
INFO     specweaver.flow.runner:runner.py:444 Pipeline 'implement_spec' run_id=4c869178-3dff-4a93-911b-c0a2f560a427 completed successfully (2 steps)
PASSED
tests/integration/cli/test_cli_implement.py::TestImplementFlow::test_implement_spec_suffix_removal 
------------------------------- live log setup --------------------------------
INFO     specweaver.config.database:database.py:171 Database schema migrated to v2 (context_limit)
INFO     specweaver.config.database:database.py:171 Database schema migrated to v3 (log_level)
INFO     specweaver.config.database:database.py:171 Database schema migrated to v4 (constitution_max_size)
INFO     specweaver.config.database:database.py:171 Database schema migrated to v5 (domain_profile)
INFO     specweaver.config.database:database.py:171 Database schema migrated to v6 (project_standards)
INFO     specweaver.config.database:database.py:171 Database schema migrated to v7 (auto_bootstrap_constitution)
INFO     specweaver.config.database:database.py:171 Database schema migrated to v8 (stitch_mode)
INFO     specweaver.config.database:database.py:171 Database schema migrated to v9 (llm_usage_log, llm_cost_overrides)
INFO     specweaver.config.database:database.py:171 Database schema migrated to v10 (llm_profiles.provider)
-------------------------------- live log call --------------------------------
DEBUG    specweaver.cli._core:__init__.py:54 CLI invoked — active project: testproj
DEBUG    specweaver.graph.topology:topology.py:156 TopologyGraph.from_project: scanning 'C:\Users\steve\AppData\Local\Temp\pytest-of-steve\pytest-1556\test_implement_spec_suffix_rem0' (auto_infer=False)
INFO     specweaver.graph.topology:topology.py:210 TopologyGraph: built graph with 0 nodes, 0 warnings
DEBUG    specweaver.project.constitution:constitution.py:96 find_constitution: searching 2 directories from C:\Users\steve\AppData\Local\Temp\pytest-of-steve\pytest-1556\test_implement_spec_suffix_rem0\specs\auth_service_spec.md
DEBUG    specweaver.project.constitution:constitution.py:115 No constitution found in C:\Users\steve\AppData\Local\Temp\pytest-of-steve\pytest-1556\test_implement_spec_suffix_rem0
DEBUG    asyncio:proactor_events.py:631 Using proactor: IocpProactor
INFO     specweaver.flow.runner:runner.py:130 Starting pipeline 'implement_spec' run_id=9a559abd-c4f1-4d43-8c3e-0fedaaa35354 (2 steps, project=test_implement_spec_suffix_rem0, spec=auth_service_spec.md)
INFO     specweaver.flow.runner:runner.py:254 [run_id=9a559abd-c4f1-4d43-8c3e-0fedaaa35354] Step 1/2 'generate_code' (generate+code) — executing via GenerateCodeHandler
DEBUG    specweaver.flow._generation:_generation.py:83 GenerateCodeHandler: generating code to 'C:\Users\steve\AppData\Local\Temp\pytest-of-steve\pytest-1556\test_implement_spec_suffix_rem0\src\auth_service.py' from spec 'auth_service_spec.md'
INFO     specweaver.implementation.generator:generator.py:126 generate_code: generating from C:\Users\steve\AppData\Local\Temp\pytest-of-steve\pytest-1556\test_implement_spec_suffix_rem0\specs\auth_service_spec.md
INFO     specweaver.implementation.generator:generator.py:132 generate_code: wrote 5 bytes to C:\Users\steve\AppData\Local\Temp\pytest-of-steve\pytest-1556\test_implement_spec_suffix_rem0\src\auth_service.py
INFO     specweaver.flow._generation:_generation.py:97 GenerateCodeHandler: code generated at 'C:\Users\steve\AppData\Local\Temp\pytest-of-steve\pytest-1556\test_implement_spec_suffix_rem0\src\auth_service.py'
DEBUG    specweaver.flow.runner:runner.py:424 [run_id=9a559abd-c4f1-4d43-8c3e-0fedaaa35354] Step 'generate_code' completed with status=passed
INFO     specweaver.flow.runner:runner.py:254 [run_id=9a559abd-c4f1-4d43-8c3e-0fedaaa35354] Step 2/2 'generate_tests' (generate+tests) — executing via GenerateTestsHandler
DEBUG    specweaver.flow._generation:_generation.py:125 GenerateTestsHandler: generating tests to 'C:\Users\steve\AppData\Local\Temp\pytest-of-steve\pytest-1556\test_implement_spec_suffix_rem0\tests\test_auth_service.py' from spec 'auth_service_spec.md'
INFO     specweaver.implementation.generator:generator.py:190 generate_tests: generating from C:\Users\steve\AppData\Local\Temp\pytest-of-steve\pytest-1556\test_implement_spec_suffix_rem0\specs\auth_service_spec.md
INFO     specweaver.implementation.generator:generator.py:196 generate_tests: wrote 5 bytes to C:\Users\steve\AppData\Local\Temp\pytest-of-steve\pytest-1556\test_implement_spec_suffix_rem0\tests\test_auth_service.py
INFO     specweaver.flow._generation:_generation.py:139 GenerateTestsHandler: tests generated at 'C:\Users\steve\AppData\Local\Temp\pytest-of-steve\pytest-1556\test_implement_spec_suffix_rem0\tests\test_auth_service.py'
DEBUG    specweaver.flow.runner:runner.py:424 [run_id=9a559abd-c4f1-4d43-8c3e-0fedaaa35354] Step 'generate_tests' completed with status=passed
INFO     specweaver.flow.runner:runner.py:444 Pipeline 'implement_spec' run_id=9a559abd-c4f1-4d43-8c3e-0fedaaa35354 completed successfully (2 steps)
PASSED
tests/integration/cli/test_cli_implement.py::TestImplementFlow::test_implement_missing_spec 
------------------------------- live log setup --------------------------------
INFO     specweaver.config.database:database.py:171 Database schema migrated to v2 (context_limit)
INFO     specweaver.config.database:database.py:171 Database schema migrated to v3 (log_level)
INFO     specweaver.config.database:database.py:171 Database schema migrated to v4 (constitution_max_size)
INFO     specweaver.config.database:database.py:171 Database schema migrated to v5 (domain_profile)
INFO     specweaver.config.database:database.py:171 Database schema migrated to v6 (project_standards)
INFO     specweaver.config.database:database.py:171 Database schema migrated to v7 (auto_bootstrap_constitution)
INFO     specweaver.config.database:database.py:171 Database schema migrated to v8 (stitch_mode)
INFO     specweaver.config.database:database.py:171 Database schema migrated to v9 (llm_usage_log, llm_cost_overrides)
INFO     specweaver.config.database:database.py:171 Database schema migrated to v10 (llm_profiles.provider)
-------------------------------- live log call --------------------------------
DEBUG    specweaver.cli._core:__init__.py:54 CLI invoked — active project: testproj
PASSED
tests/integration/cli/test_cli_implement.py::TestFullPipeline::test_full_pipeline 
------------------------------- live log setup --------------------------------
INFO     specweaver.config.database:database.py:171 Database schema migrated to v2 (context_limit)
INFO     specweaver.config.database:database.py:171 Database schema migrated to v3 (log_level)
INFO     specweaver.config.database:database.py:171 Database schema migrated to v4 (constitution_max_size)
INFO     specweaver.config.database:database.py:171 Database schema migrated to v5 (domain_profile)
INFO     specweaver.config.database:database.py:171 Database schema migrated to v6 (project_standards)
INFO     specweaver.config.database:database.py:171 Database schema migrated to v7 (auto_bootstrap_constitution)
INFO     specweaver.config.database:database.py:171 Database schema migrated to v8 (stitch_mode)
INFO     specweaver.config.database:database.py:171 Database schema migrated to v9 (llm_usage_log, llm_cost_overrides)
INFO     specweaver.config.database:database.py:171 Database schema migrated to v10 (llm_profiles.provider)
-------------------------------- live log call --------------------------------
DEBUG    specweaver.cli._core:__init__.py:54 CLI invoked — active project: testproj
INFO     specweaver.project.constitution:constitution.py:229 Generated starter constitution: C:\Users\steve\AppData\Local\Temp\pytest-of-steve\pytest-1556\test_full_pipeline0\CONSTITUTION.md (1860 bytes)
INFO     specweaver.project.scaffold:scaffold.py:209 scaffold_project: created 6 item(s) in C:\Users\steve\AppData\Local\Temp\pytest-of-steve\pytest-1556\test_full_pipeline0: context.yaml, .specweaver/, specs/, .specweaver/templates/, .specweaver/templates/component_spec.md, CONSTITUTION.md
DEBUG    specweaver.cli._core:__init__.py:54 CLI invoked — active project: testproj
DEBUG    specweaver.validation.registry:registry.py:78 Registered rule C01 (SyntaxValidRule, category=code)
DEBUG    specweaver.validation.registry:registry.py:78 Registered rule C02 (TestsExistRule, category=code)
DEBUG    specweaver.validation.registry:registry.py:78 Registered rule C03 (TestsPassRule, category=code)
DEBUG    specweaver.validation.registry:registry.py:78 Registered rule C04 (CoverageRule, category=code)
DEBUG    specweaver.validation.registry:registry.py:78 Registered rule C05 (ImportDirectionRule, category=code)
DEBUG    specweaver.validation.registry:registry.py:78 Registered rule C06 (NoBareExceptRule, category=code)
DEBUG    specweaver.validation.registry:registry.py:78 Registered rule C07 (NoOrphanTodoRule, category=code)
DEBUG    specweaver.validation.registry:registry.py:78 Registered rule C08 (TypeHintsRule, category=code)
DEBUG    specweaver.validation.registry:registry.py:78 Registered rule S01 (OneSentenceRule, category=spec)
DEBUG    specweaver.validation.registry:registry.py:78 Registered rule S02 (SingleSetupRule, category=spec)
DEBUG    specweaver.validation.registry:registry.py:78 Registered rule S03 (StrangerTestRule, category=spec)
DEBUG    specweaver.validation.registry:registry.py:78 Registered rule S04 (DependencyDirectionRule, category=spec)
DEBUG    specweaver.validation.registry:registry.py:78 Registered rule S05 (DayTestRule, category=spec)
DEBUG    specweaver.validation.registry:registry.py:78 Registered rule S06 (ConcreteExampleRule, category=spec)
DEBUG    specweaver.validation.registry:registry.py:78 Registered rule S07 (TestFirstRule, category=spec)
DEBUG    specweaver.validation.registry:registry.py:78 Registered rule S08 (AmbiguityRule, category=spec)
DEBUG    specweaver.validation.registry:registry.py:78 Registered rule S09 (ErrorPathRule, category=spec)
DEBUG    specweaver.validation.registry:registry.py:78 Registered rule S10 (DoneDefinitionRule, category=spec)
DEBUG    specweaver.validation.registry:registry.py:78 Registered rule S11 (TerminologyRule, category=spec)
DEBUG    specweaver.validation.pipeline_loader:pipeline_loader.py:90 Loading pipeline 'validation_spec_default' from package
DEBUG    specweaver.validation.executor:executor.py:143 execute_validation_pipeline: running 'validation_spec_default' (11 steps)
INFO     specweaver.validation.executor:executor.py:204 execute_validation_pipeline: 'validation_spec_default' — 11 rules, 11 passed, 0 failed
DEBUG    specweaver.cli._core:__init__.py:54 CLI invoked — active project: testproj
DEBUG    specweaver.graph.topology:topology.py:156 TopologyGraph.from_project: scanning 'C:\Users\steve\AppData\Local\Temp\pytest-of-steve\pytest-1556\test_full_pipeline0' (auto_infer=False)
INFO     specweaver.graph.topology:topology.py:210 TopologyGraph: built graph with 1 nodes, 0 warnings
DEBUG    specweaver.project.constitution:constitution.py:96 find_constitution: searching 2 directories from C:\Users\steve\AppData\Local\Temp\pytest-of-steve\pytest-1556\test_full_pipeline0\specs\calc_spec.md
INFO     specweaver.project.constitution:constitution.py:107 Constitution loaded: C:\Users\steve\AppData\Local\Temp\pytest-of-steve\pytest-1556\test_full_pipeline0\CONSTITUTION.md (1932 bytes, override=False)
DEBUG    asyncio:proactor_events.py:631 Using proactor: IocpProactor
INFO     specweaver.flow.runner:runner.py:130 Starting pipeline 'implement_spec' run_id=2aeffca3-ad0c-4813-a4c7-c8bfcac3d1fd (2 steps, project=test_full_pipeline0, spec=calc_spec.md)
INFO     specweaver.flow.runner:runner.py:254 [run_id=2aeffca3-ad0c-4813-a4c7-c8bfcac3d1fd] Step 1/2 'generate_code' (generate+code) — executing via GenerateCodeHandler
DEBUG    specweaver.flow._generation:_generation.py:83 GenerateCodeHandler: generating code to 'C:\Users\steve\AppData\Local\Temp\pytest-of-steve\pytest-1556\test_full_pipeline0\src\calc.py' from spec 'calc_spec.md'
DEBUG    specweaver.implementation.generator:generator.py:107 generate_code: constitution injected (1856 chars)
INFO     specweaver.implementation.generator:generator.py:126 generate_code: generating from C:\Users\steve\AppData\Local\Temp\pytest-of-steve\pytest-1556\test_full_pipeline0\specs\calc_spec.md
INFO     specweaver.implementation.generator:generator.py:132 generate_code: wrote 77 bytes to C:\Users\steve\AppData\Local\Temp\pytest-of-steve\pytest-1556\test_full_pipeline0\src\calc.py
INFO     specweaver.flow._generation:_generation.py:97 GenerateCodeHandler: code generated at 'C:\Users\steve\AppData\Local\Temp\pytest-of-steve\pytest-1556\test_full_pipeline0\src\calc.py'
DEBUG    specweaver.flow.runner:runner.py:424 [run_id=2aeffca3-ad0c-4813-a4c7-c8bfcac3d1fd] Step 'generate_code' completed with status=passed
INFO     specweaver.flow.runner:runner.py:254 [run_id=2aeffca3-ad0c-4813-a4c7-c8bfcac3d1fd] Step 2/2 'generate_tests' (generate+tests) — executing via GenerateTestsHandler
DEBUG    specweaver.flow._generation:_generation.py:125 GenerateTestsHandler: generating tests to 'C:\Users\steve\AppData\Local\Temp\pytest-of-steve\pytest-1556\test_full_pipeline0\tests\test_calc.py' from spec 'calc_spec.md'
DEBUG    specweaver.implementation.generator:generator.py:168 generate_tests: constitution injected (1856 chars)
INFO     specweaver.implementation.generator:generator.py:190 generate_tests: generating from C:\Users\steve\AppData\Local\Temp\pytest-of-steve\pytest-1556\test_full_pipeline0\specs\calc_spec.md
INFO     specweaver.implementation.generator:generator.py:196 generate_tests: wrote 77 bytes to C:\Users\steve\AppData\Local\Temp\pytest-of-steve\pytest-1556\test_full_pipeline0\tests\test_calc.py
INFO     specweaver.flow._generation:_generation.py:139 GenerateTestsHandler: tests generated at 'C:\Users\steve\AppData\Local\Temp\pytest-of-steve\pytest-1556\test_full_pipeline0\tests\test_calc.py'
DEBUG    specweaver.flow.runner:runner.py:424 [run_id=2aeffca3-ad0c-4813-a4c7-c8bfcac3d1fd] Step 'generate_tests' completed with status=passed
INFO     specweaver.flow.runner:runner.py:444 Pipeline 'implement_spec' run_id=2aeffca3-ad0c-4813-a4c7-c8bfcac3d1fd completed successfully (2 steps)
DEBUG    specweaver.cli._core:__init__.py:54 CLI invoked — active project: testproj
DEBUG    specweaver.validation.pipeline_loader:pipeline_loader.py:90 Loading pipeline 'validation_code_default' from package
DEBUG    specweaver.validation.executor:executor.py:143 execute_validation_pipeline: running 'validation_code_default' (8 steps)
DEBUG    specweaver.loom.commons.test_runner.python:python.py:129 PythonTestRunner.run_tests: target=C:\Users\steve\AppData\Local\Temp\pytest-of-steve\pytest-1556\test_full_pipeline0\src\calc.py kind= scope= timeout=120 coverage=True
INFO     specweaver.loom.commons.test_runner.python:python.py:182 PythonTestRunner: tests complete — passed=0 failed=0 errors=0 skipped=0 (0.89s)
INFO     specweaver.validation.executor:executor.py:204 execute_validation_pipeline: 'validation_code_default' — 8 rules, 8 passed, 0 failed
PASSED

============================== 4 passed in 2.06s ==============================
