============================= test session starts =============================
platform win32 -- Python 3.13.3, pytest-8.4.1, pluggy-1.6.0 -- C:\Users\steve\AppData\Local\Programs\Python\Python313\python.exe
cachedir: .pytest_cache
rootdir: C:\development\pitbula\specweaver
configfile: pyproject.toml
plugins: anyio-4.8.0, asyncio-1.3.0, cov-7.0.0
asyncio: mode=Mode.AUTO, debug=False, asyncio_default_fixture_loop_scope=None, asyncio_default_test_loop_scope=function
collecting ... collected 15 items

tests/e2e/test_constitution_e2e.py::TestConstitutionE2E::test_review_spec_includes_constitution_in_prompt FAILED [  6%]
tests/e2e/test_constitution_e2e.py::TestConstitutionE2E::test_review_code_includes_constitution_in_prompt FAILED [ 13%]
tests/e2e/test_constitution_e2e.py::TestConstitutionE2E::test_implement_includes_constitution_in_prompt PASSED [ 20%]
tests/e2e/test_constitution_e2e.py::TestConstitutionE2E::test_custom_constitution_overrides_default FAILED [ 26%]
tests/e2e/test_constitution_e2e.py::TestConstitutionE2E::test_no_constitution_file_means_no_injection FAILED [ 33%]
tests/e2e/test_constitution_e2e.py::TestConstitutionCLI::test_constitution_show_displays_content PASSED [ 40%]
tests/e2e/test_constitution_e2e.py::TestConstitutionCLI::test_constitution_show_no_file PASSED [ 46%]
tests/e2e/test_constitution_e2e.py::TestConstitutionCLI::test_constitution_check_pass PASSED [ 53%]
tests/e2e/test_constitution_e2e.py::TestConstitutionCLI::test_constitution_check_fail_oversize PASSED [ 60%]
tests/e2e/test_constitution_e2e.py::TestConstitutionCLI::test_constitution_check_no_file PASSED [ 66%]
tests/e2e/test_constitution_e2e.py::TestConstitutionCLI::test_constitution_init_creates_file PASSED [ 73%]
tests/e2e/test_constitution_e2e.py::TestConstitutionCLI::test_constitution_init_refuses_overwrite PASSED [ 80%]
tests/e2e/test_constitution_e2e.py::TestConstitutionCLI::test_constitution_init_force_overwrites PASSED [ 86%]
tests/e2e/test_constitution_e2e.py::TestConstitutionCLI::test_config_set_get_constitution_max_size PASSED [ 93%]
tests/e2e/test_constitution_e2e.py::TestConstitutionCLI::test_config_set_constitution_max_size_invalid PASSED [100%]

================================== FAILURES ===================================
C:\development\pitbula\specweaver\tests\e2e\test_constitution_e2e.py:192: AssertionError: review failed: Loaded topology: 1 modules.
C:\development\pitbula\specweaver\tests\e2e\test_constitution_e2e.py:238: AssertionError: review code failed: Loaded topology: 1 modules.
C:\development\pitbula\specweaver\tests\e2e\test_constitution_e2e.py:303: AssertionError: assert 'UNIQUE_MARKER_FOR_TEST_VERIFICATION' in ''
C:\development\pitbula\specweaver\tests\e2e\test_constitution_e2e.py:329: AssertionError: review failed: Loaded topology: 1 modules.
============================== warnings summary ===============================
tests/e2e/test_constitution_e2e.py::TestConstitutionE2E::test_review_spec_includes_constitution_in_prompt
tests/e2e/test_constitution_e2e.py::TestConstitutionE2E::test_custom_constitution_overrides_default
tests/e2e/test_constitution_e2e.py::TestConstitutionE2E::test_no_constitution_file_means_no_injection
  C:\Users\steve\AppData\Local\Programs\Python\Python313\Lib\site-packages\_pytest\stash.py:108: RuntimeWarning: coroutine 'AsyncMockMixin._execute_mock_call' was never awaited
    del self._storage[key]
  Enable tracemalloc to get traceback where the object was allocated.
  See https://docs.pytest.org/en/stable/how-to/capture-warnings.html#resource-warnings for more info.

-- Docs: https://docs.pytest.org/en/stable/how-to/capture-warnings.html
=========================== short test summary info ===========================
FAILED tests/e2e/test_constitution_e2e.py::TestConstitutionE2E::test_review_spec_includes_constitution_in_prompt - AssertionError: review failed: Loaded topology: 1 modules.\n  \n  Reviewing: widget_spec.md\n  Sending to LLM for semantic review...\n  \n  [18:25:50] ERROR    ReviewSpecHandler: unhandled exception       _review.py:168\n                      during spec review                                         \n                      \u250c\u2500\u2500\u2500 Traceback (most recent call last) \u2500\u2500\u2500\u2500\u2510               \n                      \u2502 C:\\development\\pitbula\\specweaver\\src\\sp \u2502               \n                      \u2502 ecweaver\\flow\\_review.py:137 in execute  \u2502               \n                      \u2502                                          \u2502               \n                      \u2502   134 \u2502   \u2502   \u2502   \u2502   \u2502   \u2502   \u2502   \u2502   \u2502  \u2502               \n                      \u2502   135 \u2502   \u2502   \u2502   \u2502   \u2502   \u2502   \u2502   \u2502   \u2502  \u2502               \n                      \u2502   136 \u2502   \u2502   \u2502                          \u2502               \n                      \u2502 > 137 \u2502   \u2502   \u2502   result = await reviewe \u2502               \n                      \u2502   138 \u2502   \u2502   \u2502   \u2502   context.spec_path, \u2502               \n                      \u2502   139 \u2502   \u2502   \u2502   \u2502   topology_contexts= \u2502               \n                      \u2502   140 \u2502   \u2502   \u2502   \u2502   constitution=conte \u2502               \n                      \u2502                                          \u2502               \n                      \u2502 C:\\development\\pitbula\\specweaver\\src\\sp \u2502               \n                      \u2502 ecweaver\\review\\reviewer.py:165 in       \u2502               \n                      \u2502 review_spec                              \u2502               \n                      \u2502                                          \u2502               \n                      \u2502   162 \u2502   \u2502   \u2502   logger.debug("review_s \u2502               \n                      \u2502       len(mentioned_files))              \u2502               \n                      \u2502   163 \u2502   \u2502   prompt = builder.build()   \u2502               \n                      \u2502   164 \u2502   \u2502   logger.info("review_spec:  \u2502               \n                      \u2502 > 165 \u2502   \u2502   return await self._execute \u2502               \n                      \u2502   166 \u2502                                  \u2502               \n                      \u2502   167 \u2502   async def review_code(         \u2502               \n                      \u2502   168 \u2502   \u2502   self,                      \u2502               \n                      \u2502                                          \u2502               \n                      \u2502 C:\\development\\pitbula\\specweaver\\src\\sp \u2502               \n                      \u2502 ecweaver\\review\\reviewer.py:252 in       \u2502               \n                      \u2502 _execute_review                          \u2502               \n                      \u2502                                          \u2502               \n                      \u2502   249 \u2502   \u2502   \u2502   \u2502   raw_response="",   \u2502               \n                      \u2502   250 \u2502   \u2502   \u2502   )                      \u2502               \n                      \u2502   251 \u2502   \u2502                              \u2502               \n                      \u2502 > 252 \u2502   \u2502   result = self._parse_respo \u2502               \n                      \u2502   253 \u2502   \u2502   logger.info(               \u2502               \n                      \u2502   254 \u2502   \u2502   \u2502   "Review result: verdic \u2502               \n                      \u2502   255 \u2502   \u2502   \u2502   result.verdict,        \u2502               \n                      \u2502                                          \u2502               \n                      \u2502 C:\\development\\pitbula\\specweaver\\src\\sp \u2502               \n                      \u2502 ecweaver\\review\\reviewer.py:265 in       \u2502               \n                      \u2502 _parse_response                          \u2502               \n                      \u2502                                          \u2502               \n                      \u2502   262 \u2502   \u2502   raw = text.strip()         \u2502               \n                      \u2502   263 \u2502   \u2502                              \u2502               \n                      \u2502   264 \u2502   \u2502   # Determine verdict        \u2502               \n                      \u2502 > 265 \u2502   \u2502   upper_text = raw.upper()   \u2502               \n                      \u2502   266 \u2502   \u2502   if "VERDICT: ACCEPTED" in  \u2502               \n                      \u2502   267 \u2502   \u2502   \u2502   verdict = ReviewVerdic \u2502               \n                      \u2502   268 \u2502   \u2502   elif "VERDICT: DENIED" in  \u2502               \n                      \u2514\u2500\u2500\u2500\u2500\u2500\u2500\u2500\u2500\u2500\u2500\u2500\u2500\u2500\u2500\u2500\u2500\u2500\u2500\u2500\u2500\u2500\u2500\u2500\u2500\u2500\u2500\u2500\u2500\u2500\u2500\u2500\u2500\u2500\u2500\u2500\u2500\u2500\u2500\u2500\u2500\u2500\u2500\u2518               \n                      AttributeError: 'coroutine' object has no                  \n                      attribute 'upper'                                          \n             ERROR    [run_id=efffedb3-76b1-4bf1-a5ff-9ac24332c8ec] runner.py:402\n                      Step 'review_target' error: 'coroutine'                    \n                      object has no attribute 'upper'                            \n  VERDICT: ERROR\n  \n  'coroutine' object has no attribute 'upper'\n  \nassert 1 == 0\n +  where 1 = <Result SystemExit(1)>.exit_code
FAILED tests/e2e/test_constitution_e2e.py::TestConstitutionE2E::test_review_code_includes_constitution_in_prompt - AssertionError: review code failed: Loaded topology: 1 modules.\n  \n  Reviewing: widget.py\n  Sending to LLM for semantic review...\n  \n             ERROR    ReviewCodeHandler: unhandled exception       _review.py:256\n                      during code review                                         \n                      \u250c\u2500\u2500\u2500 Traceback (most recent call last) \u2500\u2500\u2500\u2500\u2510               \n                      \u2502 C:\\development\\pitbula\\specweaver\\src\\sp \u2502               \n                      \u2502 ecweaver\\flow\\_review.py:185 in execute  \u2502               \n                      \u2502                                          \u2502               \n                      \u2502   182 \u2502   \u2502   \u2502   from specweaver.review \u2502               \n                      \u2502   183 \u2502   \u2502   \u2502                          \u2502               \n                      \u2502   184 \u2502   \u2502   \u2502   target_param = step.pa \u2502               \n                      \u2502 > 185 \u2502   \u2502   \u2502   code_path = Path(targe \u2502               \n                      \u2502       self._find_code_path(context)      \u2502               \n                      \u2502   186 \u2502   \u2502   \u2502                          \u2502               \n                      \u2502   187 \u2502   \u2502   \u2502   if code_path is None:  \u2502               \n                      \u2502   188 \u2502   \u2502   \u2502   \u2502   return _error_resu \u2502               \n                      \u2514\u2500\u2500\u2500\u2500\u2500\u2500\u2500\u2500\u2500\u2500\u2500\u2500\u2500\u2500\u2500\u2500\u2500\u2500\u2500\u2500\u2500\u2500\u2500\u2500\u2500\u2500\u2500\u2500\u2500\u2500\u2500\u2500\u2500\u2500\u2500\u2500\u2500\u2500\u2500\u2500\u2500\u2500\u2518               \n                      NameError: name 'Path' is not defined                      \n             ERROR    [run_id=cb8d0f38-d47c-44d5-a69d-4eed8f001eee] runner.py:402\n                      Step 'review_target' error: name 'Path' is                 \n                      not defined                                                \n  VERDICT: ERROR\n  \n  name 'Path' is not defined\n  \nassert 1 == 0\n +  where 1 = <Result SystemExit(1)>.exit_code
FAILED tests/e2e/test_constitution_e2e.py::TestConstitutionE2E::test_custom_constitution_overrides_default - AssertionError: assert 'UNIQUE_MARKER_FOR_TEST_VERIFICATION' in ''
FAILED tests/e2e/test_constitution_e2e.py::TestConstitutionE2E::test_no_constitution_file_means_no_injection - AssertionError: review failed: Loaded topology: 1 modules.\n  \n  Reviewing: widget_spec.md\n  Sending to LLM for semantic review...\n  \n  [18:25:51] ERROR    ReviewSpecHandler: unhandled exception       _review.py:168\n                      during spec review                                         \n                      \u250c\u2500\u2500\u2500 Traceback (most recent call last) \u2500\u2500\u2500\u2500\u2510               \n                      \u2502 C:\\development\\pitbula\\specweaver\\src\\sp \u2502               \n                      \u2502 ecweaver\\flow\\_review.py:137 in execute  \u2502               \n                      \u2502                                          \u2502               \n                      \u2502   134 \u2502   \u2502   \u2502   \u2502   \u2502   \u2502   \u2502   \u2502   \u2502  \u2502               \n                      \u2502   135 \u2502   \u2502   \u2502   \u2502   \u2502   \u2502   \u2502   \u2502   \u2502  \u2502               \n                      \u2502   136 \u2502   \u2502   \u2502                          \u2502               \n                      \u2502 > 137 \u2502   \u2502   \u2502   result = await reviewe \u2502               \n                      \u2502   138 \u2502   \u2502   \u2502   \u2502   context.spec_path, \u2502               \n                      \u2502   139 \u2502   \u2502   \u2502   \u2502   topology_contexts= \u2502               \n                      \u2502   140 \u2502   \u2502   \u2502   \u2502   constitution=conte \u2502               \n                      \u2502                                          \u2502               \n                      \u2502 C:\\development\\pitbula\\specweaver\\src\\sp \u2502               \n                      \u2502 ecweaver\\review\\reviewer.py:165 in       \u2502               \n                      \u2502 review_spec                              \u2502               \n                      \u2502                                          \u2502               \n                      \u2502   162 \u2502   \u2502   \u2502   logger.debug("review_s \u2502               \n                      \u2502       len(mentioned_files))              \u2502               \n                      \u2502   163 \u2502   \u2502   prompt = builder.build()   \u2502               \n                      \u2502   164 \u2502   \u2502   logger.info("review_spec:  \u2502               \n                      \u2502 > 165 \u2502   \u2502   return await self._execute \u2502               \n                      \u2502   166 \u2502                                  \u2502               \n                      \u2502   167 \u2502   async def review_code(         \u2502               \n                      \u2502   168 \u2502   \u2502   self,                      \u2502               \n                      \u2502                                          \u2502               \n                      \u2502 C:\\development\\pitbula\\specweaver\\src\\sp \u2502               \n                      \u2502 ecweaver\\review\\reviewer.py:252 in       \u2502               \n                      \u2502 _execute_review                          \u2502               \n                      \u2502                                          \u2502               \n                      \u2502   249 \u2502   \u2502   \u2502   \u2502   raw_response="",   \u2502               \n                      \u2502   250 \u2502   \u2502   \u2502   )                      \u2502               \n                      \u2502   251 \u2502   \u2502                              \u2502               \n                      \u2502 > 252 \u2502   \u2502   result = self._parse_respo \u2502               \n                      \u2502   253 \u2502   \u2502   logger.info(               \u2502               \n                      \u2502   254 \u2502   \u2502   \u2502   "Review result: verdic \u2502               \n                      \u2502   255 \u2502   \u2502   \u2502   result.verdict,        \u2502               \n                      \u2502                                          \u2502               \n                      \u2502 C:\\development\\pitbula\\specweaver\\src\\sp \u2502               \n                      \u2502 ecweaver\\review\\reviewer.py:265 in       \u2502               \n                      \u2502 _parse_response                          \u2502               \n                      \u2502                                          \u2502               \n                      \u2502   262 \u2502   \u2502   raw = text.strip()         \u2502               \n                      \u2502   263 \u2502   \u2502                              \u2502               \n                      \u2502   264 \u2502   \u2502   # Determine verdict        \u2502               \n                      \u2502 > 265 \u2502   \u2502   upper_text = raw.upper()   \u2502               \n                      \u2502   266 \u2502   \u2502   if "VERDICT: ACCEPTED" in  \u2502               \n                      \u2502   267 \u2502   \u2502   \u2502   verdict = ReviewVerdic \u2502               \n                      \u2502   268 \u2502   \u2502   elif "VERDICT: DENIED" in  \u2502               \n                      \u2514\u2500\u2500\u2500\u2500\u2500\u2500\u2500\u2500\u2500\u2500\u2500\u2500\u2500\u2500\u2500\u2500\u2500\u2500\u2500\u2500\u2500\u2500\u2500\u2500\u2500\u2500\u2500\u2500\u2500\u2500\u2500\u2500\u2500\u2500\u2500\u2500\u2500\u2500\u2500\u2500\u2500\u2500\u2518               \n                      AttributeError: 'coroutine' object has no                  \n                      attribute 'upper'                                          \n             ERROR    [run_id=33b2922f-e344-447f-844d-0705778b8f32] runner.py:402\n                      Step 'review_target' error: 'coroutine'                    \n                      object has no attribute 'upper'                            \n  VERDICT: ERROR\n  \n  'coroutine' object has no attribute 'upper'\n  \nassert 1 == 0\n +  where 1 = <Result SystemExit(1)>.exit_code
================== 4 failed, 11 passed, 3 warnings in 2.87s ===================
